C51 COMPILER V9.56.0.0   TIM                                                               01/25/2025 07:47:47 PAGE 1   


C51 COMPILER V9.56.0.0, COMPILATION OF MODULE TIM
OBJECT MODULE PLACED IN .\Objects\tim.obj
COMPILER INVOKED BY: C:\Keil_v5\C51\BIN\C51.EXE tim.c OPTIMIZE(8,SPEED) BROWSE INCDIR(..\Driver) DEBUG OBJECTEXTEND PRIN
                    -T(.\Listings\tim.lst) TABS(2) OBJECT(.\Objects\tim.obj)

line level    source

   1          sfr  TCON = 0x88;
   2          sfr  TMOD = 0x89;
   3          sfr  AUXR = 0x8E;
   4          sfr  TL1  = 0x8B;
   5          sfr  TH1  = 0x8D;
   6          sbit TR1  = TCON^6;
   7          sbit TF1  = TCON^7;
   8          
   9          sfr  IE   = 0xA8;
  10          sbit ET1  = IE^3;
  11          sbit EA   = IE^7;
  12          
  13          void T1_Init(void)                    // 1毫秒@12.000MHz
  14          {
  15   1        AUXR &= 0xBF;                       // 定时器时钟12T模式
  16   1        TMOD &= 0x0F;                       // 设置定时器模式
  17   1        TL1 = 0x18;                         // 设置定时初值（24）
  18   1        TH1 = 0xFC;                         // 设置定时初值（252）
  19   1        TF1 = 0;                            // 清除TF1标志
  20   1        TR1 = 1;                            // 定时器1开始计时
  21   1        ET1 = 1;                            // 允许T1中断
  22   1        EA  = 1;                            // 允许系统中断
  23   1      }
  24          
  25          extern unsigned int  uiTms;           // 毫秒值
  26          extern unsigned int  uiSec;           // 秒值
  27          extern unsigned int  uiSeg_Dly;       // 显示刷新延时
  28          extern unsigned char ucSeg_Dly;       // 显示移位延时
  29          extern unsigned char ucKey_Dly;       // 按键刷新延时
  30          extern unsigned int  uiKey_Dly;       // 双击或长按延时
  31          void T1_Proc(void) interrupt 3
  32          {
  33   1        if (++uiTms == 1000)                // 1s时间到
  34   1        {
  35   2          uiTms = 0;
  36   2          uiSec++;
  37   2        }
  38   1        uiSeg_Dly++;
  39   1        ucSeg_Dly++;
  40   1        ucKey_Dly++;
  41   1        uiKey_Dly++;
  42   1      }
  43          
  44          sfr  CCON   = 0xD8;                     // PCA控制寄存器
  45          sfr  CL      = 0xE9;                  // PCA低8位定时值
  46          sfr  CH      = 0xF9;                  // PCA高8位定时值
  47          sbit CR     = CCON^6;                 // PCA运行控制位
  48          sbit CF     = CCON^7;                 // PCA溢出标志位
  49          
  50          sfr  P1     = 0x90;
  51          sbit TX     = P1^0;
  52          sbit RX     = P1^1;
  53          
  54          unsigned char Dist_Meas(void)
C51 COMPILER V9.56.0.0   TIM                                                               01/25/2025 07:47:47 PAGE 2   

  55          {
  56   1        unsigned char ucNum = 10;
  57   1      
  58   1        // TX引脚发送40KHz方波信号驱动超声波发送探头
  59   1        TX = 0;
  60   1        CL = 0xf4;                            // 设置PCA低8位定时值
  61   1        CH = 0xff;                            // 设置PCA高8位定时值
  62   1        CR = 1;                               // 启动PCA
  63   1        while (ucNum--)
  64   1        {
  65   2          while (!CF);                        // 等待PCA定时时间到
  66   2          TX ^= 1;                            // 翻转TX
  67   2          CL = 0xf4;                          // 重置PCA低8位定时值
  68   2          CH = 0xff;                          // 重置PCA高8位定时值
  69   2          CF = 0;
  70   2        }
  71   1        CR = 0;                               // 关闭PCA
  72   1        // 接收计时
  73   1        CL = 0;                               // 设置PCA低8位定时值
  74   1        CH = 0;                               // 设置PCA高8位定时值
  75   1        CR = 1;
  76   1        while(RX && !CF);                   // 等待下降沿
  77   1        CR = 0;
  78   1        return ((CH<<8)+CL)*0.017;          // 计算距离：340*100/1000000/2
  79   1      }


MODULE INFORMATION:   STATIC OVERLAYABLE
   CODE SIZE        =    178    ----
   CONSTANT SIZE    =   ----    ----
   XDATA SIZE       =   ----    ----
   PDATA SIZE       =   ----    ----
   DATA SIZE        =   ----    ----
   IDATA SIZE       =   ----    ----
   BIT SIZE         =   ----    ----
END OF MODULE INFORMATION.


C51 COMPILATION COMPLETE.  0 WARNING(S),  0 ERROR(S)
