C51 COMPILER V9.52.0.0   IIC                                                               03/15/2025 13:02:41 PAGE 1   


C51 COMPILER V9.52.0.0, COMPILATION OF MODULE IIC
OBJECT MODULE PLACED IN iic.OBJ
COMPILER INVOKED BY: D:\por-tool\Keil\C51\BIN\C51.EXE iic.c BROWSE DEBUG OBJECTEXTEND TABS(2)

line level    source

   1          /*  #   I2C代码片段说明
   2              1.  本文件夹中提供的驱动代码供参赛选手完成程序设计参考。
   3              2.  参赛选手可以自行编写相关代码或以该代码为基础，根据所选单片机类型
             -运行速度和试题
   4                  中对单片机时钟频率的要求，进行代码调试和修改。
   5          */
   6          
   7          #include "iic.h"
   8          #define DELAY_TIME 5
   9          
  10          // 延时
  11          static void I2C_Delay(unsigned char n)
  12          {
  13   1          do
  14   1          {
  15   2              _nop_();
  16   2              _nop_();
  17   2              _nop_();
  18   2              _nop_();
  19   2              _nop_();
  20   2              _nop_();
  21   2              _nop_();
  22   2              _nop_();
  23   2              _nop_();
  24   2              _nop_();
  25   2              _nop_();
  26   2              _nop_();
  27   2              _nop_();
  28   2              _nop_();
  29   2              _nop_();
  30   2          } while (n--);
  31   1      }
  32          
  33          // 启动通讯
  34          void I2CStart(void)
  35          {
  36   1          sda = 1;
  37   1          scl = 1;
  38   1          I2C_Delay(DELAY_TIME);
  39   1          sda = 0;
  40   1          I2C_Delay(DELAY_TIME);
  41   1          scl = 0;
  42   1      }
  43          
  44          // 停止通讯
  45          void I2CStop(void)
  46          {
  47   1          sda = 0;
  48   1          scl = 1;
  49   1          I2C_Delay(DELAY_TIME);
  50   1          sda = 1;
  51   1          I2C_Delay(DELAY_TIME);
  52   1      }
  53          
  54          // 发送字节
C51 COMPILER V9.52.0.0   IIC                                                               03/15/2025 13:02:41 PAGE 2   

  55          void I2CSendByte(unsigned char byt)
  56          {
  57   1          unsigned char i;
  58   1      
  59   1          for (i = 0; i < 8; i++)
  60   1          {
  61   2              scl = 0;
  62   2              I2C_Delay(DELAY_TIME);
  63   2              if (byt & 0x80)
  64   2              {
  65   3                  sda = 1;
  66   3              }
  67   2              else
  68   2              {
  69   3                  sda = 0;
  70   3              }
  71   2              I2C_Delay(DELAY_TIME);
  72   2              scl = 1;
  73   2              byt <<= 1;
  74   2              I2C_Delay(DELAY_TIME);
  75   2          }
  76   1      
  77   1          scl = 0;
  78   1      }
  79          
  80          // 接受数据
  81          unsigned char I2CReceiveByte(void)
  82          {
  83   1          unsigned char da;
  84   1          unsigned char i;
  85   1          for (i = 0; i < 8; i++)
  86   1          {
  87   2              scl = 1;
  88   2              I2C_Delay(DELAY_TIME);
  89   2              da <<= 1;
  90   2              if (sda)
  91   2                  da |= 0x01;
  92   2              scl = 0;
  93   2              I2C_Delay(DELAY_TIME);
  94   2          }
  95   1          return da;
  96   1      }
  97          
  98          // 等待应答
  99          unsigned char I2CWaitAck(void)
 100          {
 101   1          unsigned char ackbit;
 102   1      
 103   1          scl = 1;
 104   1          I2C_Delay(DELAY_TIME);
 105   1          ackbit = sda;
 106   1          scl = 0;
 107   1          I2C_Delay(DELAY_TIME);
 108   1      
 109   1          return ackbit;
 110   1      }
 111          
 112          // 发送应答
 113          void I2CSendAck(unsigned char ackbit)
 114          {
 115   1          scl = 0;
 116   1          sda = ackbit;
C51 COMPILER V9.52.0.0   IIC                                                               03/15/2025 13:02:41 PAGE 3   

 117   1          I2C_Delay(DELAY_TIME);
 118   1          scl = 1;
 119   1          I2C_Delay(DELAY_TIME);
 120   1          scl = 0;
 121   1          sda = 1;
 122   1          I2C_Delay(DELAY_TIME);
 123   1      }
 124          
 125          /*user code here*/
 126          // ADC转换
 127          unsigned char PCF8591_ADC(void)
 128          {
 129   1          unsigned char r_adc;
 130   1          I2CStart();        // 启动iic通讯
 131   1          I2CSendByte(0x90); // PCF8591寻址，写
 132   1          I2CWaitAck();      // 等待应答
 133   1          I2CSendByte(0x43); // 关闭DA输出，通道对地，关闭自增，选择通道3电压采集
 134   1          I2CWaitAck();
 135   1          I2CStart();
 136   1          I2CSendByte(0x91); // 读寻址
 137   1          I2CWaitAck();
 138   1          r_adc = I2CReceiveByte();
 139   1          I2CSendAck(1);
 140   1          I2CStop();
 141   1          return r_adc;
 142   1      }


MODULE INFORMATION:   STATIC OVERLAYABLE
   CODE SIZE        =    211    ----
   CONSTANT SIZE    =   ----    ----
   XDATA SIZE       =   ----    ----
   PDATA SIZE       =   ----    ----
   DATA SIZE        =   ----    ----
   IDATA SIZE       =   ----    ----
   BIT SIZE         =   ----    ----
END OF MODULE INFORMATION.


C51 COMPILATION COMPLETE.  0 WARNING(S),  0 ERROR(S)
