C51 COMPILER V9.52.0.0   TIM                                                               02/19/2024 15:45:41 PAGE 1   


C51 COMPILER V9.52.0.0, COMPILATION OF MODULE TIM
OBJECT MODULE PLACED IN tim.OBJ
COMPILER INVOKED BY: C:\Keil_C51_v5\C51\BIN\C51.EXE tim.c BROWSE DEBUG OBJECTEXTEND TABS(2)

line level    source

   1          #include "tim.h"
   2          
   3          extern volatile u32 uwMs;
   4          void Led_Disp(u8 ucOut)
   5          {
   6   1        P0=~ucOut;
   7   1        P2=(P2 & 0x1F) | 0x80;
   8   1        P2=P2 & 0x1F;
   9   1      }
  10          
  11          void Cls_Waishe(void)
  12          {
  13   1        P0=0xFF;
  14   1        P2=(P2 & 0x1F) | 0x80;
  15   1        P2=P2 & 0x1F;
  16   1        P0=0x0;
  17   1        P2=(P2 & 0x1F) | 0xA0;
  18   1        P2=P2 & 0x1F;
  19   1      }
  20          
  21          void T1_Init(void)   //12T 12M
  22          {
  23   1        TH1=0xFC;
  24   1        TL1=0x18;
  25   1        TMOD &=0x0F;
  26   1        AUXR &=~(1<<6);
  27   1        TF1=0;
  28   1        ET1=1;
  29   1        EA=1;
  30   1        TR1=1;
  31   1      }
  32          
  33          void T0_Init(void)    //12T  @12.000MHz   ---P34 for Capture 
  34          {
  35   1        AUXR &= 0x7F;   //12T
  36   1        TMOD |= 0x04;   //mode 0
  37   1        TL0 = 0x00;   
  38   1        TH0 = 0x00;   
  39   1        TF0 = 0;    
  40   1        TR0 = 1;    
  41   1        //ET0=1;
  42   1        //EA=1;
  43   1      }
  44          
  45          void Delay(u16 usIn)
  46          {
  47   1        u32 uwInit;
  48   1        uwInit=uwMs;
  49   1        while(uwMs-uwInit<usIn);  
  50   1      }
  51          
  52          void Seg_Tran(u8 *pBuff,u8 *pCode)
  53          {
  54   1        u8 i,j;
  55   1        for(i=0,j=0;j<8;i++,j++)
C51 COMPILER V9.52.0.0   TIM                                                               02/19/2024 15:45:41 PAGE 2   

  56   1        {
  57   2          switch(*(pBuff+i))
  58   2          {
  59   3            case '0':
  60   3              *(pCode+j)=0xc0;
  61   3              break;
  62   3            case '1':
  63   3              *(pCode+j)=0xf9;
  64   3              break;
  65   3            case '2':
  66   3              *(pCode+j)=0xa4;
  67   3              break;
  68   3            case '3':
  69   3              *(pCode+j)=0xb0;
  70   3              break;
  71   3            case '4':
  72   3              *(pCode+j)=0x99;
  73   3              break;
  74   3            case '5':
  75   3              *(pCode+j)=0x92;
  76   3              break;
  77   3            case '6':
  78   3              *(pCode+j)=0x82;
  79   3              break;
  80   3            case '7':
  81   3              *(pCode+j)=0xf8;
  82   3              break;
  83   3            case '8':
  84   3              *(pCode+j)=0x80;
  85   3              break;
  86   3            case '9':
  87   3              *(pCode+j)=0x90;
  88   3              break;
  89   3            case 'A':
  90   3              *(pCode+j)=0x88;
  91   3              break;
  92   3            case 'B':
  93   3              *(pCode+j)=0x83;
  94   3              break;
  95   3            case 'C':
  96   3              *(pCode+j)=0xc6;
  97   3              break;
  98   3            case 'D':
  99   3              *(pCode+j)=0xa1;
 100   3              break;
 101   3            case 'E':
 102   3              *(pCode+j)=0x86;
 103   3              break;
 104   3            case 'F':
 105   3              *(pCode+j)=0x8e;
 106   3              break;
 107   3            case 'U':
 108   3              *(pCode+j)=0xc1;
 109   3              break;
 110   3            case 'N':
 111   3              *(pCode+j)=0xc8;
 112   3              break;
 113   3            case '-':
 114   3              *(pCode+j)=0xbf;
 115   3              break;
 116   3            case ' ':
 117   3              *(pCode+j)=0xff;
C51 COMPILER V9.52.0.0   TIM                                                               02/19/2024 15:45:41 PAGE 3   

 118   3              break;
 119   3            case '.':
 120   3              j=j-1;
 121   3              *(pCode+j) &=0x7f;
 122   3              break;
 123   3            default:
 124   3              *(pCode+j)=0xff;        
 125   3          } 
 126   2        }
 127   1      }
 128          void Seg_Disp(u8 *pCode,u8 ucPos)
 129          {
 130   1        P0=0xFF;
 131   1        P2=(P2 & 0x1F)|0xe0;
 132   1        P2 =P2 & 0x1F;
 133   1        P0=(u8)1<<ucPos;
 134   1        P2=(P2 & 0x1F)|0xc0;
 135   1        P2 =P2 & 0x1F;
 136   1        P0=*(pCode+ucPos);
 137   1        P2=(P2 & 0x1F)|0xe0;
 138   1        P2 =P2 & 0x1F;
 139   1      }
 140          
 141          u8 BTN_Read(void)
 142          {
 143   1         u8 ucKey1,ucKey2;
 144   1         u8 ucRtn=0;
 145   1         ucKey1=P3 & 0x0F;
 146   1         if(ucKey1==0x0F) return 0;
 147   1         Delay(10);
 148   1         ucKey2=P3 & 0x0F;
 149   1         if(ucKey1!=ucKey2) return 0;
 150   1         switch(~ucKey1)
 151   1         {
 152   2            case 0xF8:  //S4
 153   2                ucRtn=1;
 154   2                break;
 155   2            case 0xF4:  //S5
 156   2                ucRtn=2;
 157   2                break;
 158   2            case 0xF2:  //S6
 159   2                ucRtn=3;
 160   2                break;
 161   2            case 0xF1:  //S7
 162   2                ucRtn=4;
 163   2                break;
 164   2            default:
 165   2                ucRtn=0;
 166   2         }
 167   1         return ucRtn;
 168   1      }


MODULE INFORMATION:   STATIC OVERLAYABLE
   CODE SIZE        =    746    ----
   CONSTANT SIZE    =   ----    ----
   XDATA SIZE       =   ----    ----
   PDATA SIZE       =   ----    ----
   DATA SIZE        =   ----      14
   IDATA SIZE       =   ----    ----
   BIT SIZE         =   ----    ----
END OF MODULE INFORMATION.

C51 COMPILER V9.52.0.0   TIM                                                               02/19/2024 15:45:41 PAGE 4   


C51 COMPILATION COMPLETE.  0 WARNING(S),  0 ERROR(S)
