C51 COMPILER V9.52.0.0   DS1302                                                            04/02/2025 16:19:33 PAGE 1   


C51 COMPILER V9.52.0.0, COMPILATION OF MODULE DS1302
OBJECT MODULE PLACED IN ds1302.OBJ
COMPILER INVOKED BY: D:\por-tool\Keil\C51\BIN\C51.EXE ds1302.c LARGE BROWSE DEBUG OBJECTEXTEND TABS(2)

line level    source

   1          /*  #   DS1302ä»£ç ç‰‡æ®µè¯´æ˜
   2            1.  æœ¬æ–‡ä»¶å¤¹ä¸­æä¾›çš„é©±åŠ¨ä»£ç ä¾›å‚èµ›é€‰æ‰‹å®Œæˆç¨‹åºè®¾è®¡å‚è€ƒã€‚
   3            2.  å‚èµ›é€‰æ‰‹å¯ä»¥è‡ªè¡Œç¼–å†™ç›¸å…³ä»£ç æˆ–ä»¥è¯¥ä»£ç ä¸ºåŸºç¡€ï¼Œæ ¹æ®æ‰€é€‰å•ç‰‡æœºç±»å‹ã€è¿
             -è¡Œé€Ÿåº¦å’Œè¯•é¢˜
   4              ä¸­å¯¹å•ç‰‡æœºæ—¶é’Ÿé¢‘ç‡çš„è¦æ±‚ï¼Œè¿›è¡Œä»£ç è°ƒè¯•å’Œä¿®æ”¹ã€‚
   5          */                
   6          
   7          //DS1302æ—¶é’ŸèŠ¯ç‰‡
   8          #include "ds1302.h"
   9          void Write_Ds1302(unsigned  char temp) 
  10          {
  11   1        unsigned char i;
  12   1        for (i=0;i<8;i++)       
  13   1        { 
  14   2          SCK = 0;
  15   2          SDA = temp&0x01;
  16   2          temp>>=1; 
  17   2          SCK=1;
  18   2        }
  19   1      }   
  20          
  21          //DS1302 å†™å­—èŠ‚
  22          void Write_Ds1302_Byte( unsigned char address,unsigned char dat )     
  23          {
  24   1        RST=0;  _nop_();
  25   1        SCK=0;  _nop_();
  26   1        RST=1;  _nop_();  
  27   1        Write_Ds1302(address);  
  28   1        Write_Ds1302(dat);    
  29   1        RST=0; 
  30   1      }
  31          
  32          //DS1302 è¯»å­—èŠ‚
  33          unsigned char Read_Ds1302_Byte ( unsigned char address )
  34          {
  35   1        unsigned char i,temp=0x00;
  36   1        RST=0;  _nop_();
  37   1        SCK=0;  _nop_();
  38   1        RST=1;  _nop_();
  39   1        Write_Ds1302(address);
  40   1        for (i=0;i<8;i++)   
  41   1        {   
  42   2          SCK=0;
  43   2          temp>>=1; 
  44   2          if(SDA)
  45   2          temp|=0x80; 
  46   2          SCK=1;
  47   2        } 
  48   1        RST=0;  _nop_();
  49   1        SCK=0;  _nop_();
  50   1        SCK=1;  _nop_();
  51   1        SDA=0;  _nop_();
  52   1        SDA=1;  _nop_();
  53   1        return (temp);      
  54   1      }
C51 COMPILER V9.52.0.0   DS1302                                                            04/02/2025 16:19:33 PAGE 2   

  55          /*user code here*/
  56          //DS1302 åˆå€¼è®¾ç½®
  57          void DS1302_SET(u8 *pTime_begin){
  58   1          Write_Ds1302_Byte(0x8E,0x00);
  59   1          Write_Ds1302_Byte(0x84,pTime_begin[0]/10*16+pTime_begin[0]%10);
  60   1          Write_Ds1302_Byte(0x82,pTime_begin[1]/10*16+pTime_begin[1]%10);
  61   1          Write_Ds1302_Byte(0x80,pTime_begin[2]/10*16+pTime_begin[2]%10);
  62   1          Write_Ds1302_Byte(0x8E,0x80);
  63   1      }
  64          //DS1302 è¯»å–æ—¶é—´
  65          void DS1302_RD(u8 *pTime_now){
  66   1          u8 tp;
  67   1          tp=Read_Ds1302_Byte(0x85);
  68   1          pTime_now[0]=tp/16*10+tp%16;
  69   1          tp=Read_Ds1302_Byte(0x83);
  70   1          pTime_now[1]=tp/16*10+tp%16;
  71   1          tp=Read_Ds1302_Byte(0x81);
  72   1          pTime_now[2]=tp/16*10+tp%16;
  73   1      }


MODULE INFORMATION:   STATIC OVERLAYABLE
   CODE SIZE        =    252    ----
   CONSTANT SIZE    =   ----    ----
   XDATA SIZE       =   ----    ----
   PDATA SIZE       =   ----    ----
   DATA SIZE        =   ----    ----
   IDATA SIZE       =   ----    ----
   BIT SIZE         =   ----    ----
END OF MODULE INFORMATION.


C51 COMPILATION COMPLETE.  0 WARNING(S),  0 ERROR(S)
