C51 COMPILER V9.52.0.0   DS18B20                                                           04/02/2025 16:19:33 PAGE 1   


C51 COMPILER V9.52.0.0, COMPILATION OF MODULE DS18B20
OBJECT MODULE PLACED IN ds18b20.OBJ
COMPILER INVOKED BY: D:\por-tool\Keil\C51\BIN\C51.EXE ds18b20.c LARGE BROWSE DEBUG OBJECTEXTEND TABS(2)

line level    source

   1          /*  #   å•æ€»çº¿ä»£ç ç‰‡æ®µè¯´æ˜
   2              1.  æœ¬æ–‡ä»¶å¤¹ä¸­æä¾›çš„é©±åŠ¨ä»£ç ä¾›å‚èµ›é€‰æ‰‹å®Œæˆç¨‹åºè®¾è®¡å‚è€ƒã€‚
   3              2.  å‚èµ›é€‰æ‰‹å¯ä»¥è‡ªè¡Œç¼–å†™ç›¸å…³ä»£ç æˆ–ä»¥è¯¥ä»£ç ä¸ºåŸºç¡€ï¼Œæ ¹æ®æ‰€é€‰å•ç‰‡æœºç±»å‹ã€
             -è¿è¡Œé€Ÿåº¦å’Œè¯•é¢˜
   4                  ä¸­å¯¹å•ç‰‡æœºæ—¶é’Ÿé¢‘ç‡çš„è¦æ±‚ï¼Œè¿›è¡Œä»£ç è°ƒè¯•å’Œä¿®æ”¹ã€‚
   5          */
   6          #include "ds18b20.h"
   7          // æ¸©åº¦ä¼ æ„Ÿå™¨æ¨¡æ‹Ÿé‡è½¬æ¢
   8          void Delay_OneWire(unsigned int t)
   9          {
  10   1          unsigned char i;
  11   1          while (t--)
  12   1          {
  13   2              for (i = 0; i < 12; i++)
  14   2                  ;
  15   2          }
  16   1      }
  17          
  18          // DS18B20å†™å‡½æ•°
  19          void Write_DS18B20(unsigned char dat)
  20          {
  21   1          unsigned char i;
  22   1          for (i = 0; i < 8; i++)
  23   1          {
  24   2              DQ = 0;
  25   2              DQ = dat & 0x01;
  26   2              Delay_OneWire(5);
  27   2              DQ = 1;
  28   2              dat >>= 1;
  29   2          }
  30   1          Delay_OneWire(5);
  31   1      }
  32          
  33          // DS18B20è¯»å‡½æ•°
  34          unsigned char Read_DS18B20(void)
  35          {
  36   1          unsigned char i;
  37   1          unsigned char dat;
  38   1      
  39   1          for (i = 0; i < 8; i++)
  40   1          {
  41   2              DQ = 0;
  42   2              dat >>= 1;
  43   2              DQ = 1;
  44   2              if (DQ)
  45   2              {
  46   3                  dat |= 0x80;
  47   3              }
  48   2              Delay_OneWire(5);
  49   2          }
  50   1          return dat;
  51   1      }
  52          
  53          // åˆå§‹åŒ–DS18B20
  54          bit init_ds18b20(void)
C51 COMPILER V9.52.0.0   DS18B20                                                           04/02/2025 16:19:33 PAGE 2   

  55          {
  56   1          bit initflag = 0;
  57   1      
  58   1          DQ = 1;
  59   1          Delay_OneWire(12);
  60   1          DQ = 0;
  61   1          Delay_OneWire(80);
  62   1          DQ = 1;
  63   1          Delay_OneWire(10);
  64   1          initflag = DQ;
  65   1          Delay_OneWire(5);
  66   1      
  67   1          return initflag;
  68   1      }
  69          /*user code here*/
  70          void DS18B20_ST(void)
  71          {
  72   1          bit Rtn = 0;
  73   1          Rtn = init_ds18b20();
  74   1          Write_DS18B20(0xCC);
  75   1          Write_DS18B20(0x44);
  76   1      }
  77          unsigned int DS18B20_RD(void)
  78          {
  79   1          u8 high,low;
  80   1          bit Rtn = 0;
  81   1          Rtn = init_ds18b20();
  82   1          Write_DS18B20(0xCC);
  83   1          Write_DS18B20(0xBE);
  84   1          low = Read_DS18B20();
  85   1          high = Read_DS18B20();
  86   1          return (high<<8)+low;
  87   1      }


MODULE INFORMATION:   STATIC OVERLAYABLE
   CODE SIZE        =    176    ----
   CONSTANT SIZE    =   ----    ----
   XDATA SIZE       =   ----    ----
   PDATA SIZE       =   ----    ----
   DATA SIZE        =   ----    ----
   IDATA SIZE       =   ----    ----
   BIT SIZE         =   ----       3
END OF MODULE INFORMATION.


C51 COMPILATION COMPLETE.  0 WARNING(S),  0 ERROR(S)
