C51 COMPILER V9.52.0.0   IIC                                                               04/02/2025 16:19:33 PAGE 1   


C51 COMPILER V9.52.0.0, COMPILATION OF MODULE IIC
OBJECT MODULE PLACED IN iic.OBJ
COMPILER INVOKED BY: D:\por-tool\Keil\C51\BIN\C51.EXE iic.c LARGE BROWSE DEBUG OBJECTEXTEND TABS(2)

line level    source

   1          /*  #   I2C代码片段说明
   2              1.  本文件夹中提供的驱动代码供参赛选手完成程序设计参考。
   3              2.  参赛选手可以自行编写相关代码或以该代码为基础，根据所选单片机类型
             -运行速度和试题
   4                  中对单片机时钟频率的要求，进行代码调试和修改。
   5          */
   6          
   7          #include "iic.h"
   8          #define DELAY_TIME 5
   9          
  10          // 延时
  11          static void I2C_Delay(unsigned char n)
  12          {
  13   1          do
  14   1          {
  15   2              _nop_();
  16   2              _nop_();
  17   2              _nop_();
  18   2              _nop_();
  19   2              _nop_();
  20   2      
  21   2              _nop_();
  22   2              _nop_();
  23   2              _nop_();
  24   2              _nop_();
  25   2              _nop_();
  26   2      
  27   2              _nop_();
  28   2              _nop_();
  29   2              _nop_();
  30   2              _nop_();
  31   2              _nop_();
  32   2          } while (--n);
  33   1      }
  34          
  35          // 启动通讯
  36          void I2CStart(void)
  37          {
  38   1          sda = 1;
  39   1          scl = 1;
  40   1          I2C_Delay(DELAY_TIME);
  41   1          sda = 0;
  42   1          I2C_Delay(DELAY_TIME);
  43   1          scl = 0;
  44   1      }
  45          
  46          // 停止通讯
  47          void I2CStop(void)
  48          {
  49   1          sda = 0;
  50   1          scl = 1;
  51   1          I2C_Delay(DELAY_TIME);
  52   1          sda = 1;
  53   1          I2C_Delay(DELAY_TIME);
  54   1      }
C51 COMPILER V9.52.0.0   IIC                                                               04/02/2025 16:19:33 PAGE 2   

  55          
  56          // 发送字节
  57          void I2CSendByte(unsigned char byt)
  58          {
  59   1          unsigned char i;
  60   1      
  61   1          for (i = 0; i < 8; i++)
  62   1          {
  63   2              scl = 0;
  64   2              I2C_Delay(DELAY_TIME);
  65   2              if (byt & 0x80)
  66   2              {
  67   3                  sda = 1;
  68   3              }
  69   2              else
  70   2              {
  71   3                  sda = 0;
  72   3              }
  73   2              I2C_Delay(DELAY_TIME);
  74   2              scl = 1;
  75   2              byt <<= 1;
  76   2              I2C_Delay(DELAY_TIME);
  77   2          }
  78   1      
  79   1          scl = 0;
  80   1      }
  81          
  82          // 接受数据
  83          unsigned char I2CReceiveByte(void)
  84          {
  85   1          unsigned char da;
  86   1          unsigned char i;
  87   1          for (i = 0; i < 8; i++)
  88   1          {
  89   2              scl = 1;
  90   2              I2C_Delay(DELAY_TIME);
  91   2              da <<= 1;
  92   2              if (sda)
  93   2                  da |= 0x01;
  94   2              scl = 0;
  95   2              I2C_Delay(DELAY_TIME);
  96   2          }
  97   1          return da;
  98   1      }
  99          
 100          // 等待应答
 101          unsigned char I2CWaitAck(void)
 102          {
 103   1          unsigned char ackbit;
 104   1      
 105   1          scl = 1;
 106   1          I2C_Delay(DELAY_TIME);
 107   1          ackbit = sda;
 108   1          scl = 0;
 109   1          I2C_Delay(DELAY_TIME);
 110   1      
 111   1          return ackbit;
 112   1      }
 113          
 114          // 发送应答
 115          void I2CSendAck(unsigned char ackbit)
 116          {
C51 COMPILER V9.52.0.0   IIC                                                               04/02/2025 16:19:33 PAGE 3   

 117   1          scl = 0;
 118   1          sda = ackbit;
 119   1          I2C_Delay(DELAY_TIME);
 120   1          scl = 1;
 121   1          I2C_Delay(DELAY_TIME);
 122   1          scl = 0;
 123   1          sda = 1;
 124   1          I2C_Delay(DELAY_TIME);
 125   1      }
 126          
 127          /*user code here*/
 128          unsigned char PCF8591_ADC(void)
 129          {
 130   1          u8 rADC;
 131   1          I2CStart();
 132   1          I2CSendByte(0x90);
 133   1          I2CWaitAck();
 134   1          I2CSendByte(0x41);
 135   1          I2CWaitAck();
 136   1          I2CStart();
 137   1          I2CSendByte(0x91);
 138   1          I2CWaitAck();
 139   1          rADC = I2CReceiveByte();
 140   1          I2CSendAck(1);
 141   1          I2CStop();
 142   1          return rADC;
 143   1      }


MODULE INFORMATION:   STATIC OVERLAYABLE
   CODE SIZE        =    208    ----
   CONSTANT SIZE    =   ----    ----
   XDATA SIZE       =   ----    ----
   PDATA SIZE       =   ----    ----
   DATA SIZE        =   ----    ----
   IDATA SIZE       =   ----    ----
   BIT SIZE         =   ----    ----
END OF MODULE INFORMATION.


C51 COMPILATION COMPLETE.  0 WARNING(S),  0 ERROR(S)
