C51 COMPILER V9.52.0.0   IIC                                                               03/17/2025 19:30:02 PAGE 1   


C51 COMPILER V9.52.0.0, COMPILATION OF MODULE IIC
OBJECT MODULE PLACED IN iic.OBJ
COMPILER INVOKED BY: D:\por-tool\Keil\C51\BIN\C51.EXE iic.c BROWSE DEBUG OBJECTEXTEND TABS(2)

line level    source

   1          /*  #   I2C代码片段说明
   2              1.  本文件夹中提供的驱动代码供参赛选手完成程序设计参考。
   3              2.  参赛选手可以自行编写相关代码或以该代码为基础，根据所选单片机类型
             -运行速度和试题
   4                  中对单片机时钟频率的要求，进行代码调试和修改。
   5          */
   6          
   7          #include "iic.h"
   8          #define DELAY_TIME 5
   9          
  10          // 延时
  11          static void I2C_Delay(unsigned char n)
  12          {
  13   1          do
  14   1          {
  15   2              _nop_();
  16   2              _nop_();
  17   2              _nop_();
  18   2              _nop_();
  19   2              _nop_();
  20   2              _nop_();
  21   2              _nop_();
  22   2              _nop_();
  23   2              _nop_();
  24   2              _nop_();
  25   2              _nop_();
  26   2              _nop_();
  27   2              _nop_();
  28   2              _nop_();
  29   2              _nop_();
  30   2          } while (n--);
  31   1      }
  32          
  33          // 启动通讯
  34          void I2CStart(void)
  35          {
  36   1          sda = 1;
  37   1          scl = 1;
  38   1          I2C_Delay(DELAY_TIME);
  39   1          sda = 0;
  40   1          I2C_Delay(DELAY_TIME);
  41   1          scl = 0;
  42   1      }
  43          
  44          // 停止通讯
  45          void I2CStop(void)
  46          {
  47   1          sda = 0;
  48   1          scl = 1;
  49   1          I2C_Delay(DELAY_TIME);
  50   1          sda = 1;
  51   1          I2C_Delay(DELAY_TIME);
  52   1      }
  53          
  54          // 发送字节
C51 COMPILER V9.52.0.0   IIC                                                               03/17/2025 19:30:02 PAGE 2   

  55          void I2CSendByte(unsigned char byt)
  56          {
  57   1          unsigned char i;
  58   1      
  59   1          for (i = 0; i < 8; i++)
  60   1          {
  61   2              scl = 0;
  62   2              I2C_Delay(DELAY_TIME);
  63   2              if (byt & 0x80)
  64   2              {
  65   3                  sda = 1;
  66   3              }
  67   2              else
  68   2              {
  69   3                  sda = 0;
  70   3              }
  71   2              I2C_Delay(DELAY_TIME);
  72   2              scl = 1;
  73   2              byt <<= 1;
  74   2              I2C_Delay(DELAY_TIME);
  75   2          }
  76   1      
  77   1          scl = 0;
  78   1      }
  79          
  80          // 接受数据
  81          unsigned char I2CReceiveByte(void)
  82          {
  83   1          unsigned char da;
  84   1          unsigned char i;
  85   1          for (i = 0; i < 8; i++)
  86   1          {
  87   2              scl = 1;
  88   2              I2C_Delay(DELAY_TIME);
  89   2              da <<= 1;
  90   2              if (sda)
  91   2                  da |= 0x01;
  92   2              scl = 0;
  93   2              I2C_Delay(DELAY_TIME);
  94   2          }
  95   1          return da;
  96   1      }
  97          
  98          // 等待应答
  99          unsigned char I2CWaitAck(void)
 100          {
 101   1          unsigned char ackbit;
 102   1      
 103   1          scl = 1;
 104   1          I2C_Delay(DELAY_TIME);
 105   1          ackbit = sda;
 106   1          scl = 0;
 107   1          I2C_Delay(DELAY_TIME);
 108   1      
 109   1          return ackbit;
 110   1      }
 111          
 112          // 发送应答
 113          void I2CSendAck(unsigned char ackbit)
 114          {
 115   1          scl = 0;
 116   1          sda = ackbit;
C51 COMPILER V9.52.0.0   IIC                                                               03/17/2025 19:30:02 PAGE 3   

 117   1          I2C_Delay(DELAY_TIME);
 118   1          scl = 1;
 119   1          I2C_Delay(DELAY_TIME);
 120   1          scl = 0;
 121   1          sda = 1;
 122   1          I2C_Delay(DELAY_TIME);
 123   1      }
 124          
 125          /*user code here*/
 126          void E2_RD(u8 *pDataER, u8 add, u8 nbyte)
 127          {
 128   1          I2CStart();
 129   1          I2CSendByte(0xA0);
 130   1          I2CWaitAck();
 131   1          I2CSendByte(add);
 132   1          I2CWaitAck();
 133   1          I2CStart();
 134   1          I2CSendByte(0xA1);
 135   1          I2CWaitAck();
 136   1          while (nbyte--)
 137   1          {
 138   2              *pDataER++ = I2CReceiveByte();
 139   2              if (nbyte)
 140   2              {
 141   3                  I2CSendAck(0);
 142   3              }
 143   2              else
 144   2              {
 145   3                  I2CSendAck(1);
 146   3              }
 147   2          }
 148   1          I2CStop();
 149   1      }
 150          void E2_WR(u8 *pDataEW, u8 add, u8 nbyte)
 151          {
 152   1          I2CStart();
 153   1          I2CSendByte(0xA0);
 154   1          I2CWaitAck();
 155   1          I2CSendByte(add);
 156   1          I2CWaitAck();
 157   1          while (nbyte--)
 158   1          {
 159   2              I2CSendByte(*pDataEW++);
 160   2              I2CWaitAck();
 161   2          }
 162   1          I2CStop();
 163   1      }
 164          unsigned char PCF8591_ADC(void)
 165          {
 166   1          u8 tADC;
 167   1          I2CStart();
 168   1          I2CSendByte(0x90);
 169   1          I2CWaitAck();
 170   1          I2CSendByte(0x03);
 171   1          I2CWaitAck();
 172   1          I2CStart();
 173   1          I2CSendByte(0x91);
 174   1          tADC = I2CReceiveByte();
 175   1          I2CSendAck(1);
 176   1          I2CStop();
 177   1          return tADC;
 178   1      }
C51 COMPILER V9.52.0.0   IIC                                                               03/17/2025 19:30:02 PAGE 4   

 179          // void PCF8591_DAC(u8 DACout)
 180          // {
 181          //     I2CStart();
 182          //     I2CSendByte(0x90);
 183          //     I2CWaitAck();
 184          //     I2CSendByte(0x43);
 185          //     I2CWaitAck();
 186          //     I2CSendByte(DACout);
 187          //     I2CWaitAck();
 188          //     I2CStop();
 189          // }


MODULE INFORMATION:   STATIC OVERLAYABLE
   CODE SIZE        =    338    ----
   CONSTANT SIZE    =   ----    ----
   XDATA SIZE       =   ----    ----
   PDATA SIZE       =   ----    ----
   DATA SIZE        =   ----      10
   IDATA SIZE       =   ----    ----
   BIT SIZE         =   ----    ----
END OF MODULE INFORMATION.


C51 COMPILATION COMPLETE.  0 WARNING(S),  0 ERROR(S)
