C51 COMPILER V9.52.0.0   CLOCK                                                             01/06/2025 18:33:41 PAGE 1   


C51 COMPILER V9.52.0.0, COMPILATION OF MODULE CLOCK
OBJECT MODULE PLACED IN clock.OBJ
COMPILER INVOKED BY: D:\por-tool\Keil\C51\BIN\C51.EXE clock.c BROWSE DEBUG OBJECTEXTEND TABS(2)

line level    source

   1          #include "clock.h"
   2          // 12T 1ms
   3          void T1_clock(void)
   4          {
   5   1          TH1 = 0xFC;
   6   1          TL1 = 0x18;
   7   1          TMOD &= 0x0F;
   8   1          AUXR &= ~(1 << 6);
   9   1          TF1 = 0;
  10   1          EA = 1 ;
  11   1        ET1 = 1;
  12   1          TR1 = 1;
  13   1      }
  14          void T0_count(void)
  15          {
  16   1          TH0 = 0x00;
  17   1          TL0 = 0x00;
  18   1          TMOD = (TMOD & 0xF0) | 0x04;
  19   1          AUXR &= ~(1 << 7);
  20   1          TF0 = 0;
  21   1          ET0 = 0;
  22   1          TR0 = 1;
  23   1      }


MODULE INFORMATION:   STATIC OVERLAYABLE
   CODE SIZE        =     44    ----
   CONSTANT SIZE    =   ----    ----
   XDATA SIZE       =   ----    ----
   PDATA SIZE       =   ----    ----
   DATA SIZE        =   ----    ----
   IDATA SIZE       =   ----    ----
   BIT SIZE         =   ----    ----
END OF MODULE INFORMATION.


C51 COMPILATION COMPLETE.  0 WARNING(S),  0 ERROR(S)
