C51 COMPILER V9.52.0.0   DRIVER                                                            01/06/2025 18:33:41 PAGE 1   


C51 COMPILER V9.52.0.0, COMPILATION OF MODULE DRIVER
OBJECT MODULE PLACED IN driver.OBJ
COMPILER INVOKED BY: D:\por-tool\Keil\C51\BIN\C51.EXE driver.c BROWSE DEBUG OBJECTEXTEND TABS(2)

line level    source

   1          #include "driver.h"
   2          extern volatile u32 ISR_1Ms;
   3          void led_Disp(u8 led_out)
   4          {
   5   1          P0 = ~(led_out);
   6   1          P2 = (P2 & 0x1f) | 0x80;
   7   1          P2 = P2 & 0x1f;
   8   1      }
   9          void outside_Cls(void)
  10          {
  11   1          P0 = 0xff;
  12   1          P2 = (P2 & 0x1f) | 0x80;
  13   1          P2 = P2 & 0x1f;
  14   1      
  15   1          P0 = 0x40;
  16   1          P2 = P2 | 0xA0;
  17   1          P2 = P2 & 0x1f;
  18   1      }
  19          void seg_Trans(u8 *pDisp, u8 *pCode)
  20          {
  21   1          u8 i, j;
  22   1          for (j = 0, i = 0; j < 8; j++, i++)
  23   1          {
  24   2              switch (*(pDisp + i))
  25   2              {
  26   3              case '0':
  27   3                  *(pCode + j) = 0xc0;
  28   3                  break;
  29   3              case '1':
  30   3                  *(pCode + j) = 0xf9;
  31   3                  break;
  32   3              case '2':
  33   3                  *(pCode + j) = 0xa4;
  34   3                  break;
  35   3              case '3':
  36   3                  *(pCode + j) = 0xb0;
  37   3                  break;
  38   3              case '4':
  39   3                  *(pCode + j) = 0x99;
  40   3                  break;
  41   3              case '5':
  42   3                  *(pCode + j) = 0x92;
  43   3                  break;
  44   3              case '6':
  45   3                  *(pCode + j) = 0x82;
  46   3                  break;
  47   3              case '7':
  48   3                  *(pCode + j) = 0xf8;
  49   3                  break;
  50   3              case '8':
  51   3                  *(pCode + j) = 0x80;
  52   3                  break;
  53   3              case '9':
  54   3                  *(pCode + j) = 0x90;
  55   3                  break;
C51 COMPILER V9.52.0.0   DRIVER                                                            01/06/2025 18:33:41 PAGE 2   

  56   3              case 'A':
  57   3                  *(pCode + j) = 0x88;
  58   3                  break;
  59   3              case 'B':
  60   3                  *(pCode + j) = 0x83;
  61   3                  break;
  62   3              case 'C':
  63   3                  *(pCode + j) = 0xc6;
  64   3                  break;
  65   3              case 'D':
  66   3                  *(pCode + j) = 0xa1;
  67   3                  break;
  68   3              case 'E':
  69   3                  *(pCode + j) = 0x86;
  70   3                  break;
  71   3              case 'F':
  72   3                  *(pCode + j) = 0x8e;
  73   3                  break;
  74   3              case 'U':
  75   3                  *(pCode + j) = 0xc1;
  76   3                  break;
  77   3              case 'P':
  78   3                  *(pCode + j) = 0x8c;
  79   3                  break;
  80   3              case 'N':
  81   3                  *(pCode + j) = 0xab;
  82   3                  break;
  83   3              case 'M':
  84   3                  *(pCode + j) = 0xc8;
  85   3                  break;
  86   3              case '-':
  87   3                  *(pCode + j) = 0xbf;
  88   3                  break;
  89   3              case ' ':
  90   3                  *(pCode + j) = 0xff;
  91   3                  break;
  92   3              case '.':
  93   3                  j = j - 1;
  94   3                  *(pCode + j) &= 0x7f;
  95   3                  break;
  96   3              default:
  97   3                  *(pCode + j) = 0xff;
  98   3              }
  99   2          }
 100   1      }
 101          void seg_Disp(u8 *pCode, u8 Adds)
 102          {
 103   1          P0 = 0xFF; // 灭灯
 104   1          P2 = (P2 & 0x1F) | 0xE0;
 105   1          P2 &= 0x1F;
 106   1      
 107   1          P0 = (u8)1 << Adds; // 选择数码管导通
 108   1          P2 |= 0xC0;
 109   1          P2 &= 0x1F;
 110   1      
 111   1          P0 = *(pCode + Adds); // 输出对应的数组
 112   1          P2 |= 0xE0;
 113   1          P2 &= 0x10;
 114   1      }
 115          void delay_1ms(u8 dlt1)
 116          {
 117   1          u32 del_strt;
C51 COMPILER V9.52.0.0   DRIVER                                                            01/06/2025 18:33:41 PAGE 3   

 118   1          del_strt = ISR_1Ms;
 119   1          while ((ISR_1Ms - del_strt) < dlt1)
 120   1          {
 121   2              /* code */
 122   2          }
 123   1      }
 124          unsigned char key_IndividualRead(void)
 125          {
 126   1          u8 keyRD1, keyRD2;
 127   1          u8 button = 0;
 128   1          keyRD1 = P3 & 0x0f;
 129   1          if (keyRD1 == 0x0f)
 130   1          {
 131   2              return 0;
 132   2          }
 133   1          delay_1ms(10);
 134   1          keyRD2 = P3 & 0x0f;
 135   1          if (keyRD1 != keyRD2)
 136   1          {
 137   2              return 0;
 138   2          }
 139   1          switch (~keyRD2)
 140   1          {
 141   2          case 0xF8:
 142   2              button = 1;
 143   2              break;
 144   2          case 0xF4:
 145   2              button = 2;
 146   2              break;
 147   2          case 0xF2:
 148   2              button = 3;
 149   2              break;
 150   2          case 0xF1:
 151   2              button = 4;
 152   2              break;
 153   2          default:
 154   2              button = 0;
 155   2              break;
 156   2          }
 157   1          return button;
 158   1      }


MODULE INFORMATION:   STATIC OVERLAYABLE
   CODE SIZE        =    732    ----
   CONSTANT SIZE    =   ----    ----
   XDATA SIZE       =   ----    ----
   PDATA SIZE       =   ----    ----
   DATA SIZE        =   ----      15
   IDATA SIZE       =   ----    ----
   BIT SIZE         =   ----    ----
END OF MODULE INFORMATION.


C51 COMPILATION COMPLETE.  0 WARNING(S),  0 ERROR(S)
