C51 COMPILER V9.52.0.0   MAIN                                                              01/06/2025 18:33:41 PAGE 1   


C51 COMPILER V9.52.0.0, COMPILATION OF MODULE MAIN
OBJECT MODULE PLACED IN main.OBJ
COMPILER INVOKED BY: D:\por-tool\Keil\C51\BIN\C51.EXE main.c BROWSE DEBUG OBJECTEXTEND TABS(2)

line level    source

   1          #include "main.h"
   2          #include "driver.h"
   3          #include "clock.h"
   4          #include "I2C.h"
   5          
   6          #include <stdio.h>
   7          #include <string.h>
   8          #include <math.h>
   9          
  10          u8 led_out = 0;
  11          
  12          u8 Seg_Disp[10]="12345678";
  13          u8 Seg_Code[8] = {0};
  14          u8 seg_Adds = 0;
  15          
  16          volatile u32 ISR_1Ms = 0;
  17          u32 ISR_10Ms = 0;
  18          u32 ISR_1S = 0;
  19          
  20          void main(void)
  21          {
  22   1          outside_Cls();
  23   1          T1_clock();
  24   1          T0_count();
  25   1          while (1)
  26   1          {
  27   2          }
  28   1      }
  29          
  30          void T1_ISR()interrupt 3
  31          {
  32   1          ISR_1Ms++;
  33   1          if (ISR_1Ms % 10 == 0)
  34   1          {
  35   2              ISR_10Ms++;
  36   2          }
  37   1          if (ISR_1Ms % 1000 == 0)
  38   1          {
  39   2              ISR_1S++;
  40   2          }
  41   1      }


MODULE INFORMATION:   STATIC OVERLAYABLE
   CODE SIZE        =    207    ----
   CONSTANT SIZE    =   ----    ----
   XDATA SIZE       =   ----    ----
   PDATA SIZE       =   ----    ----
   DATA SIZE        =     32    ----
   IDATA SIZE       =   ----    ----
   BIT SIZE         =   ----    ----
END OF MODULE INFORMATION.


C51 COMPILATION COMPLETE.  0 WARNING(S),  0 ERROR(S)
