C51 COMPILER V9.52.0.0   MAIN                                                              03/12/2025 16:13:51 PAGE 1   


C51 COMPILER V9.52.0.0, COMPILATION OF MODULE MAIN
OBJECT MODULE PLACED IN main.OBJ
COMPILER INVOKED BY: D:\por-tool\Keil\C51\BIN\C51.EXE main.c BROWSE DEBUG OBJECTEXTEND TABS(2)

line level    source

   1          #include "main.h"
   2          #include "driver.h"
   3          #include "onewire.h"
   4          #include "ds1302.h"
   5          #include "stdio.h"
   6          // 全局参数如下
   7          /*LED参数*/
   8          u8 LED_OUT = 0;
   9          u8 FLAG_l3 = 0;
  10          /*SEG参数*/
  11          u8 SEG_DP[10] = "123450"; // 8个显示+一位小数点+终止符
  12          u8 SEG_CD[8] = {0};
  13          u8 SEG_PS = 0;
  14          u8 FLAG_seg = 0;
  15          u8 WIN_MD = 0; // 0,1,2三个菜单
  16          u8 JOB_MD = 0; // 0,1两个工作模式
  17          /*定时器参数*/
  18          u32 T_1MS = 0;
  19          /*DS1302时钟参数*/
  20          u8 FLAG_tim = 0;
  21          u8 SECOND_DP = 0;
  22          u8 TIME_NOW[3] = {0};
  23          u8 FLAG_hour = 0;
  24          /*DS18B20温度传感器*/
  25          u16 TEMP_PARA = 23;
  26          u16 TEMP_C = 23.5;
  27          /*继电器参数*/
  28          u8 FLAG_relay = 0;
  29          // 任务如下
  30          void SEG_FUC(void);
  31          void KEY_FUC(void);
  32          void TIM_FUC(void);
  33          void LED_FUC(void);
  34          void TEP_FUC(void);
  35          void RELAY_FUC(void);
  36          
  37          void main(void)
  38          {
  39   1          u8 time_ST[3] = {10, 59, 50}; // DS1302起始时间
  40   1          Other_CLS();
  41   1          T1_INT();
  42   1          DS1302_SET(time_ST);
  43   1          while (1)
  44   1          {
  45   2              SEG_FUC();
  46   2              KEY_FUC();
  47   2              TIM_FUC();
  48   2              RELAY_FUC();
  49   2              LED_FUC();
  50   2              TEP_FUC();
  51   2          }
  52   1      }
  53          // 函数如下
  54          void SEG_FUC(void)
  55          {
C51 COMPILER V9.52.0.0   MAIN                                                              03/12/2025 16:13:51 PAGE 2   

  56   1          if (FLAG_seg)
  57   1          {
  58   2              FLAG_seg = 0;
  59   2              switch (WIN_MD)
  60   2              {
  61   3              case 0:
  62   3                  sprintf(SEG_DP, "U1```%4.1f", TEMP_C/10.0);
  63   3                  break;
  64   3              case 1:
  65   3                  if (SECOND_DP)
  66   3                  {
  67   4                      sprintf(SEG_DP, "%02u-%02u-%02u", (u16)TIME_NOW[0], (u16)TIME_NOW[1], (u16)TIME_NOW[2]);
  68   4                  }
  69   3                  else
  70   3                  {
  71   4                      sprintf(SEG_DP, "U2`%02u-%02u", (u16)TIME_NOW[0], (u16)TIME_NOW[1]);
  72   4                  }
  73   3                  break;
  74   3              case 2:
  75   3                  sprintf(SEG_DP, "U3````%02u", (u16)TEMP_PARA);
  76   3                  break;
  77   3              default:
  78   3                  sprintf(SEG_DP, "ERROR");
  79   3                  break;
  80   3              }
  81   2          }
  82   1          Seg_TR(SEG_DP, SEG_CD);
  83   1      }
  84          void LED_FUC(void)
  85          {
  86   1          static u8 led_past = 0;
  87   1          static u32 t_L1 = 0;
  88   1          static u32 t_L3 = 0;
  89   1          // L1
  90   1          if (FLAG_hour)
  91   1          {
  92   2              t_L1 = T_1MS;
  93   2              LED_OUT |= 1;
  94   2              FLAG_hour = 0;
  95   2          }
  96   1          else if (T_1MS - t_L1 > 5000)
  97   1          {
  98   2              LED_OUT &= ~1;
  99   2          }
 100   1          // L2
 101   1          if (!JOB_MD)
 102   1          {
 103   2              LED_OUT |= (1 << 1);
 104   2          }
 105   1          else
 106   1          {
 107   2              LED_OUT &= ~(1 << 1);
 108   2          }
 109   1          // L3
 110   1          if (FLAG_relay)
 111   1          {
 112   2              if (T_1MS - t_L3 > 100)
 113   2              {
 114   3                  t_L3 = T_1MS;
 115   3                  FLAG_l3 = ~FLAG_l3;
 116   3              }
 117   2              if (FLAG_l3)
C51 COMPILER V9.52.0.0   MAIN                                                              03/12/2025 16:13:51 PAGE 3   

 118   2              {
 119   3                  LED_OUT |= (1 << 2);
 120   3              }
 121   2              else
 122   2              {
 123   3                  LED_OUT &= ~(1 << 2);
 124   3              }
 125   2          }
 126   1          else
 127   1          {
 128   2              LED_OUT &= ~(1 << 2);
 129   2          }
 130   1          if (led_past != LED_OUT)
 131   1          {
 132   2              led_past = LED_OUT;
 133   2              Led_DP(LED_OUT);
 134   2          }
 135   1      }
 136          void KEY_FUC(void)
 137          {
 138   1          static u8 key_past;
 139   1          u8 key_new;
 140   1          key_new = Key_MARTIX();
 141   1          if (key_new != key_past)
 142   1          {
 143   2              key_past = key_new;
 144   2              switch (key_new)
 145   2              {
 146   3              case 0:
 147   3                  SECOND_DP = 0;
 148   3                  break;
 149   3              case 12:
 150   3                  WIN_MD = (++WIN_MD) % 3;
 151   3                  break;
 152   3              case 13:
 153   3                  JOB_MD = (++JOB_MD) % 2;
 154   3                  break;
 155   3              case 16:
 156   3                  if (WIN_MD == 2)
 157   3                  {
 158   4                      TEMP_PARA++;
 159   4                      if (TEMP_PARA > 99)
 160   4                      {
 161   5                          TEMP_PARA = 10;
 162   5                      }
 163   4                  }
 164   3                  break;
 165   3              case 17:
 166   3                  if (WIN_MD == 2)
 167   3                  {
 168   4                      TEMP_PARA--;
 169   4                      if (TEMP_PARA < 10)
 170   4                      {
 171   5                          TEMP_PARA = 99;
 172   5                      }
 173   4                  }
 174   3                  if (WIN_MD == 1)
 175   3                  {
 176   4                      SECOND_DP = 1;
 177   4                  }
 178   3                  break;
 179   3              }
C51 COMPILER V9.52.0.0   MAIN                                                              03/12/2025 16:13:51 PAGE 4   

 180   2          }
 181   1      }
 182          void TIM_FUC(void)
 183          {
 184   1          if (FLAG_tim)
 185   1          {
 186   2              FLAG_tim = 0;
 187   2              DS1302_RD(TIME_NOW);
 188   2              if (!TIME_NOW[1] && !TIME_NOW[2])
 189   2              {
 190   3                  FLAG_hour = 1;
 191   3              }
 192   2          }
 193   1      }
 194          void TEP_FUC(void)
 195          {
 196   1          static u8 Step_byTEP = 0;
 197   1          static u32 tep_time = 0;
 198   1          s16 temp_RD;
 199   1          switch (Step_byTEP)
 200   1          {
 201   2          case 0:
 202   2              DS18B20_START_CV();
 203   2              tep_time = T_1MS;
 204   2              Step_byTEP = 1;
 205   2              break;
 206   2          case 1:
 207   2              if (T_1MS - tep_time > 800)
 208   2              {
 209   3                  temp_RD = DS18B20_RD();
 210   3                  TEMP_C = (temp_RD / 16 + 0.05) * 10;
 211   3                  tep_time = T_1MS;
 212   3                  Step_byTEP = 2;
 213   3              }
 214   2              break;
 215   2          case 2:
 216   2              if (T_1MS - tep_time > 5)
 217   2              {
 218   3                  Step_byTEP = 0;
 219   3              }
 220   2              break;
 221   2          }
 222   1      }
 223          void RELAY_FUC(void)
 224          {
 225   1          static u32 relay_time = 0;
 226   1          static u8 flag_past = 0;
 227   1          if (!JOB_MD)
 228   1          {
 229   2              if (TEMP_C > TEMP_PARA*10)
 230   2              {
 231   3                  FLAG_relay = 1;
 232   3              }
 233   2              else
 234   2              {
 235   3                  FLAG_relay = 0;
 236   3              }
 237   2          }
 238   1          else
 239   1          {
 240   2      
 241   2              if (FLAG_hour)
C51 COMPILER V9.52.0.0   MAIN                                                              03/12/2025 16:13:51 PAGE 5   

 242   2              {
 243   3                  FLAG_relay = 1;
 244   3                  relay_time = T_1MS;
 245   3              }
 246   2              else if (T_1MS - relay_time > 5000)
 247   2              {
 248   3                  FLAG_relay = 0;
 249   3              }
 250   2          }
 251   1          if (flag_past != FLAG_relay)
 252   1          {
 253   2              if (FLAG_relay)
 254   2              {
 255   3                  Relay(1);
 256   3              }
 257   2              else
 258   2              {
 259   3                  Relay(0);
 260   3              }
 261   2          }
 262   1      }
 263          void T1_ISR(void) interrupt 3
 264          {
 265   1          static u8 T_10MS = 0, T_100MS = 0;
 266   1          T_1MS++;
 267   1          if (++T_10MS == 10)
 268   1          {
 269   2              T_10MS = 0;
 270   2              FLAG_seg = 1;
 271   2          }
 272   1          if (++T_100MS == 100)
 273   1          {
 274   2              T_100MS = 0;
 275   2              FLAG_tim = 1;
 276   2          }
 277   1          Seg_DP(SEG_CD, SEG_PS);
 278   1          if (++SEG_PS == 8)
 279   1          {
 280   2              SEG_PS = 0;
 281   2          }
 282   1      }


MODULE INFORMATION:   STATIC OVERLAYABLE
   CODE SIZE        =    921    ----
   CONSTANT SIZE    =     59    ----
   XDATA SIZE       =   ----    ----
   PDATA SIZE       =   ----    ----
   DATA SIZE        =     61       3
   IDATA SIZE       =   ----    ----
   BIT SIZE         =   ----    ----
END OF MODULE INFORMATION.


C51 COMPILATION COMPLETE.  0 WARNING(S),  0 ERROR(S)
