C51 COMPILER V9.52.0.0   ONEWIRE                                                           03/12/2025 16:13:51 PAGE 1   


C51 COMPILER V9.52.0.0, COMPILATION OF MODULE ONEWIRE
OBJECT MODULE PLACED IN onewire.OBJ
COMPILER INVOKED BY: D:\por-tool\Keil\C51\BIN\C51.EXE onewire.c BROWSE DEBUG OBJECTEXTEND TABS(2)

line level    source

   1          /*  #   å•æ€»çº¿ä»£ç ç‰‡æ®µè¯´æ˜
   2              1.  æœ¬æ–‡ä»¶å¤¹ä¸­æä¾›çš„é©±åŠ¨ä»£ç ä¾›å‚èµ›é€‰æ‰‹å®Œæˆç¨‹åºè®¾è®¡å‚è€ƒã€‚
   3              2.  å‚èµ›é€‰æ‰‹å¯ä»¥è‡ªè¡Œç¼–å†™ç›¸å…³ä»£ç æˆ–ä»¥è¯¥ä»£ç ä¸ºåŸºç¡€ï¼Œæ ¹æ®æ‰€é€‰å•ç‰‡æœºç±»å‹ã€
             -è¿è¡Œé€Ÿåº¦å’Œè¯•é¢˜
   4                  ä¸­å¯¹å•ç‰‡æœºæ—¶é’Ÿé¢‘ç‡çš„è¦æ±‚ï¼Œè¿›è¡Œä»£ç è°ƒè¯•å’Œä¿®æ”¹ã€‚
   5          */
   6          
   7          // æ¸©åº¦ä¼ æ„Ÿå™¨æ¨¡æ‹Ÿé‡è½¬æ¢
   8          #include "onewire.h"
   9          void Delay_OneWire(unsigned int t)
  10          {
  11   1          unsigned char i;
  12   1          while (t--)
  13   1          {
  14   2              for (i = 0; i < 12; i++)
  15   2                  ;
  16   2          }
  17   1      }
  18          
  19          // DS18B20å†™å‡½æ•°
  20          void Write_DS18B20(unsigned char dat)
  21          {
  22   1          unsigned char i;
  23   1          for (i = 0; i < 8; i++)
  24   1          {
  25   2              DQ = 0;
  26   2              DQ = dat & 0x01;
  27   2              Delay_OneWire(5);
  28   2              DQ = 1;
  29   2              dat >>= 1;
  30   2          }
  31   1          Delay_OneWire(5);
  32   1      }
  33          
  34          // DS18B20è¯»å‡½æ•°
  35          unsigned char Read_DS18B20(void)
  36          {
  37   1          unsigned char i;
  38   1          unsigned char dat;
  39   1      
  40   1          for (i = 0; i < 8; i++)
  41   1          {
  42   2              DQ = 0;
  43   2              dat >>= 1;
  44   2              DQ = 1;
  45   2              if (DQ)
  46   2              {
  47   3                  dat |= 0x80;
  48   3              }
  49   2              Delay_OneWire(5);
  50   2          }
  51   1          return dat;
  52   1      }
  53          
  54          // åˆå§‹åŒ–DS18B20
C51 COMPILER V9.52.0.0   ONEWIRE                                                           03/12/2025 16:13:51 PAGE 2   

  55          bit init_ds18b20(void)
  56          {
  57   1          bit initflag = 0;
  58   1      
  59   1          DQ = 1;
  60   1          Delay_OneWire(12);
  61   1          DQ = 0;
  62   1          Delay_OneWire(80);
  63   1          DQ = 1;
  64   1          Delay_OneWire(10);
  65   1          initflag = DQ;
  66   1          Delay_OneWire(5);
  67   1      
  68   1          return initflag;
  69   1      }
  70          /*user code here*/
  71          
  72          // DS18B20å¯åŠ¨æ¸©åº¦è½¬æ¢
  73          void DS18B20_START_CV(void)
  74          {
  75   1          bit bRtn = 0;
  76   1          bRtn = init_ds18b20();
  77   1          Write_DS18B20(0xCC);
  78   1          Write_DS18B20(0x44);
  79   1      }
  80          // DS18B20æ¸©åº¦è¯»å–
  81          signed int DS18B20_RD(void)
  82          {
  83   1          unsigned char DH, DL;
  84   1          bit bRtn = 0;
  85   1          bRtn = init_ds18b20();
  86   1          Write_DS18B20(0xCC);
  87   1          Write_DS18B20(0xBE);
  88   1          DL = Read_DS18B20();
  89   1          DH = Read_DS18B20();
  90   1          return (DH << 8)+DL;
  91   1      }


MODULE INFORMATION:   STATIC OVERLAYABLE
   CODE SIZE        =    174    ----
   CONSTANT SIZE    =   ----    ----
   XDATA SIZE       =   ----    ----
   PDATA SIZE       =   ----    ----
   DATA SIZE        =   ----    ----
   IDATA SIZE       =   ----    ----
   BIT SIZE         =   ----       3
END OF MODULE INFORMATION.


C51 COMPILATION COMPLETE.  0 WARNING(S),  0 ERROR(S)
