C51 COMPILER V9.52.0.0   DS1302                                                            03/16/2024 12:40:38 PAGE 1   


C51 COMPILER V9.52.0.0, COMPILATION OF MODULE DS1302
OBJECT MODULE PLACED IN ds1302.OBJ
COMPILER INVOKED BY: C:\Keil_C51_v5\C51\BIN\C51.EXE ds1302.c LARGE BROWSE DEBUG OBJECTEXTEND TABS(2)

line level    source

   1          /*  #   DS1302ä»£ç ç‰‡æ®µè¯´æ˜
   2            1.  æœ¬æ–‡ä»¶å¤¹ä¸­æä¾›çš„é©±åŠ¨ä»£ç ä¾›å‚èµ›é€‰æ‰‹å®Œæˆç¨‹åºè®¾è®¡å‚è€ƒã€‚
   3            2.  å‚èµ›é€‰æ‰‹å¯ä»¥è‡ªè¡Œç¼–å†™ç›¸å…³ä»£ç æˆ–ä»¥è¯¥ä»£ç ä¸ºåŸºç¡€ï¼Œæ ¹æ®æ‰€é€‰å•ç‰‡æœºç±»å‹ã€è¿
             -è¡Œé€Ÿåº¦å’Œè¯•é¢˜
   4              ä¸­å¯¹å•ç‰‡æœºæ—¶é’Ÿé¢‘ç‡çš„è¦æ±‚ï¼Œè¿›è¡Œä»£ç è°ƒè¯•å’Œä¿®æ”¹ã€‚
   5          */                
   6          
   7          //
   8          #include "ds1302.h"
   9          void Write_Ds1302(unsigned  char temp) 
  10          {
  11   1        unsigned char i;
  12   1        for (i=0;i<8;i++)       
  13   1        { 
  14   2          SCK = 0;
  15   2          SDA = temp&0x01;
  16   2          temp>>=1; 
  17   2          SCK=1;
  18   2        }
  19   1      }   
  20          
  21          //
  22          void Write_Ds1302_Byte( unsigned char address,unsigned char dat )     
  23          {
  24   1        RST=0;  _nop_();
  25   1        SCK=0;  _nop_();
  26   1        RST=1;  _nop_();  
  27   1        Write_Ds1302(address);  
  28   1        Write_Ds1302(dat);    
  29   1        RST=0; 
  30   1      }
  31          
  32          //
  33          unsigned char Read_Ds1302_Byte ( unsigned char address )
  34          {
  35   1        unsigned char i,temp=0x00;
  36   1        RST=0;  _nop_();
  37   1        SCK=0;  _nop_();
  38   1        RST=1;  _nop_();
  39   1        Write_Ds1302(address);
  40   1        for (i=0;i<8;i++)   
  41   1        {   
  42   2          SCK=0;
  43   2          temp>>=1; 
  44   2          if(SDA)
  45   2          temp|=0x80; 
  46   2          SCK=1;
  47   2        } 
  48   1        RST=0;  _nop_();
  49   1        SCK=0;  _nop_();
  50   1        SCK=1;  _nop_();
  51   1        SDA=0;  _nop_();
  52   1        SDA=1;  _nop_();
  53   1        return (temp);      
  54   1      }
C51 COMPILER V9.52.0.0   DS1302                                                            03/16/2024 12:40:38 PAGE 2   

  55          void Wr_Time(u8 *pucTime)
  56          {
  57   1        Write_Ds1302_Byte(0x8E,0x00);
  58   1        Write_Ds1302_Byte(0x84,pucTime[0]/10*16+pucTime[0]%10);
  59   1        Write_Ds1302_Byte(0x82,pucTime[1]/10*16+pucTime[1]%10);
  60   1        Write_Ds1302_Byte(0x80,pucTime[2]/10*16+pucTime[2]%10);
  61   1        Write_Ds1302_Byte(0x8E,0x80); 
  62   1      }
  63          void Rd_Time(u8 *pucTime)
  64          {
  65   1        u8 rd1;
  66   1        rd1=Read_Ds1302_Byte(0x85);
  67   1        pucTime[0]=rd1/16*10+rd1%16;
  68   1        rd1=Read_Ds1302_Byte(0x83);
  69   1        pucTime[1]=rd1/16*10+rd1%16;
  70   1        rd1=Read_Ds1302_Byte(0x81);
  71   1        pucTime[2]=rd1/16*10+rd1%16;
  72   1      }


MODULE INFORMATION:   STATIC OVERLAYABLE
   CODE SIZE        =    252    ----
   CONSTANT SIZE    =   ----    ----
   XDATA SIZE       =   ----    ----
   PDATA SIZE       =   ----    ----
   DATA SIZE        =   ----    ----
   IDATA SIZE       =   ----    ----
   BIT SIZE         =   ----    ----
END OF MODULE INFORMATION.


C51 COMPILATION COMPLETE.  0 WARNING(S),  0 ERROR(S)
