C51 COMPILER V9.52.0.0   IIC                                                               01/05/2025 16:12:05 PAGE 1   


C51 COMPILER V9.52.0.0, COMPILATION OF MODULE IIC
OBJECT MODULE PLACED IN iic.OBJ
COMPILER INVOKED BY: D:\por-tool\Keil\C51\BIN\C51.EXE iic.c BROWSE DEBUG OBJECTEXTEND TABS(2)

line level    source

   1          /*  #   I2C代码片段说明
   2            1.  本文件夹中提供的驱动代码供参赛选手完成程序设计参考。
   3            2.  参赛选手可以自行编写相关代码或以该代码为基础，根据所选单片机类型、
             -行速度和试题
   4              中对单片机时钟频率的要求，进行代码调试和修改。
   5          */
   6          
   7          #include "iic.h"
   8          #define DELAY_TIME  5
   9          
  10          //
  11          static void I2C_Delay(unsigned char n)
  12          {
  13   1          do
  14   1          {
  15   2              _nop_();_nop_();_nop_();_nop_();_nop_();
  16   2              _nop_();_nop_();_nop_();_nop_();_nop_();
  17   2              _nop_();_nop_();_nop_();_nop_();_nop_();    
  18   2          }
  19   1          while(n--);       
  20   1      }
  21          
  22          //
  23          void I2CStart(void)
  24          {
  25   1          sda = 1;
  26   1          scl = 1;
  27   1        I2C_Delay(DELAY_TIME);
  28   1          sda = 0;
  29   1        I2C_Delay(DELAY_TIME);
  30   1          scl = 0;    
  31   1      }
  32          
  33          //
  34          void I2CStop(void)
  35          {
  36   1          sda = 0;
  37   1          scl = 1;
  38   1        I2C_Delay(DELAY_TIME);
  39   1          sda = 1;
  40   1        I2C_Delay(DELAY_TIME);
  41   1      }
  42          
  43          //
  44          void I2CSendByte(unsigned char byt)
  45          {
  46   1          unsigned char i;
  47   1        
  48   1          for(i=0; i<8; i++){
  49   2              scl = 0;
  50   2          I2C_Delay(DELAY_TIME);
  51   2              if(byt & 0x80){
  52   3                  sda = 1;
  53   3              }
  54   2              else{
C51 COMPILER V9.52.0.0   IIC                                                               01/05/2025 16:12:05 PAGE 2   

  55   3                  sda = 0;
  56   3              }
  57   2          I2C_Delay(DELAY_TIME);
  58   2              scl = 1;
  59   2              byt <<= 1;
  60   2          I2C_Delay(DELAY_TIME);
  61   2          }
  62   1        
  63   1          scl = 0;  
  64   1      }
  65          
  66          //
  67          unsigned char I2CReceiveByte(void)
  68          {
  69   1        unsigned char da;
  70   1        unsigned char i;
  71   1        for(i=0;i<8;i++){   
  72   2          scl = 1;
  73   2          I2C_Delay(DELAY_TIME);
  74   2          da <<= 1;
  75   2          if(sda) 
  76   2            da |= 0x01;
  77   2          scl = 0;
  78   2          I2C_Delay(DELAY_TIME);
  79   2        }
  80   1        return da;    
  81   1      }
  82          
  83          //
  84          unsigned char I2CWaitAck(void)
  85          {
  86   1        unsigned char ackbit;
  87   1        
  88   1          scl = 1;
  89   1        I2C_Delay(DELAY_TIME);
  90   1          ackbit = sda; 
  91   1          scl = 0;
  92   1        I2C_Delay(DELAY_TIME);
  93   1        
  94   1        return ackbit;
  95   1      }
  96          
  97          //
  98          void I2CSendAck(unsigned char ackbit)
  99          {
 100   1          scl = 0;
 101   1          sda = ackbit; 
 102   1        I2C_Delay(DELAY_TIME);
 103   1          scl = 1;
 104   1        I2C_Delay(DELAY_TIME);
 105   1          scl = 0; 
 106   1        sda = 1;
 107   1        I2C_Delay(DELAY_TIME);
 108   1      }
 109          
 110          void EE_Write(u8* pucBuf, u8 addr, u8 num)
 111          { 
 112   1         I2CStart();
 113   1         I2CSendByte(0xa0);
 114   1         I2CWaitAck();
 115   1         I2CSendByte(addr);
 116   1         I2CWaitAck();
C51 COMPILER V9.52.0.0   IIC                                                               01/05/2025 16:12:05 PAGE 3   

 117   1         while(num--)
 118   1         {
 119   2            I2CSendByte(*pucBuf++);
 120   2            I2CWaitAck();
 121   2            //I2C_Delay(200);
 122   2         }
 123   1         I2CStop();
 124   1         //operate_delay(20);
 125   1      }
 126          void EE_Read(u8* pucBuf, u8 addr,u8 num)
 127          {
 128   1         I2CStart();
 129   1         I2CSendByte(0xa0);
 130   1         I2CWaitAck();
 131   1         I2CSendByte(addr);
 132   1         I2CWaitAck();
 133   1         I2CStart();
 134   1         I2CSendByte(0xa1);
 135   1         I2CWaitAck();
 136   1         while(num--)
 137   1            {
 138   2               *pucBuf++ = I2CReceiveByte();
 139   2               if(num) I2CSendAck(0);
 140   2                   else I2CSendAck(1);
 141   2            }
 142   1            I2CStop();
 143   1      }
 144          unsigned char PCF8591_Adc(void)
 145          {
 146   1       unsigned char temp;
 147   1       I2CStart();
 148   1       I2CSendByte(0x90);
 149   1       I2CWaitAck();
 150   1      // 允许 DAC，43--AIN3 3,40--AIN0
 151   1       I2CSendByte(0x43); 
 152   1       I2CWaitAck();
 153   1       I2CStart();
 154   1       I2CSendByte(0x91);
 155   1       I2CWaitAck();
 156   1       temp = I2CReceiveByte();
 157   1       I2CSendAck(1);
 158   1       I2CStop();
 159   1      
 160   1       return temp;
 161   1      }
 162          void PCF8591_Dac(unsigned char dat)
 163          {
 164   1       I2CStart();
 165   1       I2CSendByte(0x90);
 166   1       I2CWaitAck();
 167   1       // 允许 DAC，43--AIN3 3,40----AIN0
 168   1       I2CSendByte(0x43); 
 169   1       I2CWaitAck();
 170   1       I2CSendByte(dat); 
 171   1       I2CWaitAck();
 172   1       I2CStop();
 173   1      }


MODULE INFORMATION:   STATIC OVERLAYABLE
   CODE SIZE        =    366    ----
   CONSTANT SIZE    =   ----    ----
C51 COMPILER V9.52.0.0   IIC                                                               01/05/2025 16:12:05 PAGE 4   

   XDATA SIZE       =   ----    ----
   PDATA SIZE       =   ----    ----
   DATA SIZE        =   ----      10
   IDATA SIZE       =   ----    ----
   BIT SIZE         =   ----    ----
END OF MODULE INFORMATION.


C51 COMPILATION COMPLETE.  0 WARNING(S),  0 ERROR(S)
