C51 COMPILER V9.52.0.0   IIC                                                               01/05/2025 13:26:27 PAGE 1   


C51 COMPILER V9.52.0.0, COMPILATION OF MODULE IIC
OBJECT MODULE PLACED IN iic.OBJ
COMPILER INVOKED BY: D:\por-tool\Keil\C51\BIN\C51.EXE iic.c BROWSE DEBUG OBJECTEXTEND TABS(2)

line level    source

   1          /*  #   I2C代码片段说明
   2              1.  本文件夹中提供的驱动代码供参赛选手完成程序设计参考。
   3              2.  参赛选手可以自行编写相关代码或以该代码为基础，根据所选单片机类型
             -运行速度和试题
   4                  中对单片机时钟频率的要求，进行代码调试和修改。
   5          */
   6          
   7          #include "iic.h"
   8          #define DELAY_TIME 5
   9          
  10          // 延时
  11          static void I2C_Delay(unsigned char n)
  12          {
  13   1          do
  14   1          {
  15   2              _nop_();
  16   2              _nop_();
  17   2              _nop_();
  18   2              _nop_();
  19   2              _nop_();
  20   2              _nop_();
  21   2              _nop_();
  22   2              _nop_();
  23   2              _nop_();
  24   2              _nop_();
  25   2              _nop_();
  26   2              _nop_();
  27   2              _nop_();
  28   2              _nop_();
  29   2              _nop_();
  30   2          } while (n--);
  31   1      }
  32          
  33          // 开启I2C通讯
  34          void I2CStart(void)
  35          {
  36   1          sda = 1;
  37   1          scl = 1;
  38   1          I2C_Delay(DELAY_TIME);
  39   1          sda = 0;
  40   1          I2C_Delay(DELAY_TIME);
  41   1          scl = 0;
  42   1      }
  43          
  44          // 停止I2C通讯
  45          void I2CStop(void)
  46          {
  47   1          sda = 0;
  48   1          scl = 1;
  49   1          I2C_Delay(DELAY_TIME);
  50   1          sda = 1;
  51   1          I2C_Delay(DELAY_TIME);
  52   1      }
  53          
  54          // 发送数据
C51 COMPILER V9.52.0.0   IIC                                                               01/05/2025 13:26:27 PAGE 2   

  55          void I2CSendByte(unsigned char byt)
  56          {
  57   1          unsigned char i;
  58   1      
  59   1          for (i = 0; i < 8; i++)
  60   1          {
  61   2              scl = 0;
  62   2              I2C_Delay(DELAY_TIME);
  63   2              if (byt & 0x80)
  64   2              {
  65   3                  sda = 1;
  66   3              }
  67   2              else
  68   2              {
  69   3                  sda = 0;
  70   3              }
  71   2              I2C_Delay(DELAY_TIME);
  72   2              scl = 1;
  73   2              byt <<= 1;
  74   2              I2C_Delay(DELAY_TIME);
  75   2          }
  76   1      
  77   1          scl = 0;
  78   1      }
  79          
  80          // 接受数据
  81          unsigned char I2CReceiveByte(void)
  82          {
  83   1          unsigned char da;
  84   1          unsigned char i;
  85   1          for (i = 0; i < 8; i++)
  86   1          {
  87   2              scl = 1;
  88   2              I2C_Delay(DELAY_TIME);
  89   2              da <<= 1;
  90   2              if (sda)
  91   2                  da |= 0x01;
  92   2              scl = 0;
  93   2              I2C_Delay(DELAY_TIME);
  94   2          }
  95   1          return da;
  96   1      }
  97          
  98          // 等待应答
  99          unsigned char I2CWaitAck(void)
 100          {
 101   1          unsigned char ackbit;
 102   1      
 103   1          scl = 1;
 104   1          I2C_Delay(DELAY_TIME);
 105   1          ackbit = sda;
 106   1          scl = 0;
 107   1          I2C_Delay(DELAY_TIME);
 108   1      
 109   1          return ackbit;
 110   1      }
 111          
 112          // 发送应答
 113          void I2CSendAck(unsigned char ackbit)
 114          {
 115   1          scl = 0;
 116   1          sda = ackbit;
C51 COMPILER V9.52.0.0   IIC                                                               01/05/2025 13:26:27 PAGE 3   

 117   1          I2C_Delay(DELAY_TIME);
 118   1          scl = 1;
 119   1          I2C_Delay(DELAY_TIME);
 120   1          scl = 0;
 121   1          sda = 1;
 122   1          I2C_Delay(DELAY_TIME);
 123   1      }
 124          
 125          /*user code here*/
 126          
 127          void EE_WR(u8 *pBuf, u8 addr, u8 n)
 128          {
 129   1          I2CStart();
 130   1          I2CSendByte(0xA0); // PCF8591写寻址
 131   1          I2CWaitAck();      // 等待应答
 132   1          I2CSendByte(addr);
 133   1          I2CWaitAck();
 134   1      
 135   1          while (n--) // 发送n个字节
 136   1          {
 137   2              I2CSendByte(*pBuf++);
 138   2              I2CWaitAck();
 139   2          }
 140   1          I2CStop();
 141   1      }
 142          void EE_RD(u8 *pBuf, u8 addr, u8 n)
 143          {
 144   1          I2CStart();
 145   1          I2CSendByte(0xA0); // PCF8591写寻址
 146   1          I2CWaitAck();      // 等待应答
 147   1          I2CSendByte(addr);
 148   1          I2CWaitAck();
 149   1          //I2CStop();
 150   1      
 151   1          I2CStart();
 152   1          I2CSendByte(0xA1);//读寻址
 153   1          I2CWaitAck();
 154   1          while (n--)
 155   1          {
 156   2              *pBuf++= I2CReceiveByte();
 157   2              // 也可I2CWaitAck(); just in case
 158   2              if (n)
 159   2              {
 160   3                  I2CSendAck(0);//肯定应答
 161   3              }
 162   2              else
 163   2              {
 164   3                  I2CSendAck(1);//否定应答
 165   3              }
 166   2          }
 167   1          I2CStop();
 168   1      }
 169          void PCF8591_Dac(u8 dac_Data)
 170          {
 171   1          I2CStart();
 172   1          I2CSendByte(0x90); // PCF8591写寻址
 173   1          I2CWaitAck();
 174   1          I2CSendByte(0x43);// 控制字,0,1开启DAC通道，00四通道都是相对地电压读入,0,0AIN通
             -数自动递增,11AD读入AIN3
 175   1          I2CWaitAck();
 176   1      
 177   1          I2CSendByte(dac_Data);
C51 COMPILER V9.52.0.0   IIC                                                               01/05/2025 13:26:27 PAGE 4   

 178   1          I2CWaitAck();
 179   1          I2CStop();
 180   1      }
 181          unsigned char PCF8591_ADC(void)//AD不写控制字
 182          {
 183   1          unsigned char AD_Temp;
 184   1          I2CStart();
 185   1          I2CSendByte(0x90); // PCF8591写寻址
 186   1          I2CWaitAck();
 187   1          I2CSendByte(0x43); 
 188   1          I2CWaitAck();
 189   1      
 190   1          I2CStart();
 191   1          I2CSendByte(0x91);//读寻址
 192   1          I2CWaitAck();
 193   1          AD_Temp = I2CReceiveByte();
 194   1          I2CSendAck(1);//停止
 195   1          I2CStop();
 196   1          return AD_Temp;
 197   1      }


MODULE INFORMATION:   STATIC OVERLAYABLE
   CODE SIZE        =    366    ----
   CONSTANT SIZE    =   ----    ----
   XDATA SIZE       =   ----    ----
   PDATA SIZE       =   ----    ----
   DATA SIZE        =   ----      10
   IDATA SIZE       =   ----    ----
   BIT SIZE         =   ----    ----
END OF MODULE INFORMATION.


C51 COMPILATION COMPLETE.  0 WARNING(S),  0 ERROR(S)
